vitamio/build/intermediates/proguard-rules/release/aapt_rules.txt
# view AndroidManifest.xml #generated:16
-keep class io.vov.vitamio.activity.InitActivity { <init>(...); }