vitamio/build/outputs/mapping/release/seeds.txt
io.vov.vitamio.MediaScannerClient
io.vov.vitamio.MediaScannerClient: void scanFile(java.lang.String,long,long)
io.vov.vitamio.MediaScannerClient: void addNoMediaFolder(java.lang.String)
io.vov.vitamio.MediaScannerClient: void handleStringTag(java.lang.String,byte[],java.lang.String)
io.vov.vitamio.MediaScannerClient: void setMimeType(java.lang.String)
io.vov.vitamio.Vitamio
io.vov.vitamio.Vitamio: java.lang.String[] LIBS_ARM_CODECS
io.vov.vitamio.Vitamio: java.lang.String[] LIBS_X86_CODECS
io.vov.vitamio.Vitamio: java.lang.String[] LIBS_MIPS_CODECS
io.vov.vitamio.Vitamio: java.lang.String[] LIBS_PLAYER
io.vov.vitamio.Vitamio: java.lang.String[] LIBS_SCANNER
io.vov.vitamio.Vitamio: java.lang.String[] LIBS_AV
io.vov.vitamio.Vitamio: java.lang.String LIBS_LOCK
io.vov.vitamio.Vitamio: int VITAMIO_NOT_SUPPORTED
io.vov.vitamio.Vitamio: int VITAMIO_MIPS
io.vov.vitamio.Vitamio: int VITAMIO_X86
io.vov.vitamio.Vitamio: int VITAMIO_ARMV6
io.vov.vitamio.Vitamio: int VITAMIO_ARMV6_VFP
io.vov.vitamio.Vitamio: int VITAMIO_ARMV7_VFPV3
io.vov.vitamio.Vitamio: int VITAMIO_ARMV7_NEON
io.vov.vitamio.Vitamio: int vitamioType
io.vov.vitamio.Vitamio: java.lang.String vitamioPackage
io.vov.vitamio.Vitamio: java.lang.String vitamioLibraryPath
io.vov.vitamio.Vitamio: Vitamio()
io.vov.vitamio.Vitamio: boolean initialize(android.content.Context)
io.vov.vitamio.Vitamio: boolean initialize(android.content.Context,int)
io.vov.vitamio.Vitamio: boolean isInitialized(android.content.Context)
io.vov.vitamio.Vitamio: java.lang.String getVitamioPackage()
io.vov.vitamio.Vitamio: int getVitamioType()
io.vov.vitamio.Vitamio: java.lang.String getLibraryPath()
io.vov.vitamio.Vitamio: java.util.List getRequiredLibs()
io.vov.vitamio.Vitamio: boolean extractLibs(android.content.Context,int)
io.vov.vitamio.VitamioLicense
io.vov.vitamio.VitamioLicense: java.lang.String LICENSE
io.vov.vitamio.VitamioLicense: VitamioLicense()
io.vov.vitamio.activity.InitActivity
io.vov.vitamio.activity.InitActivity: InitActivity()
io.vov.vitamio.widget.MediaController: void setAnchorView(android.view.View)
io.vov.vitamio.widget.MediaController: void setMediaPlayer(io.vov.vitamio.widget.MediaController$MediaPlayerControl)
io.vov.vitamio.widget.MediaController: void setInstantSeeking(boolean)
io.vov.vitamio.widget.MediaController: void setFileName(java.lang.String)
io.vov.vitamio.widget.MediaController: void setDownSpeed(double)
io.vov.vitamio.widget.MediaController: void setInfoView(io.vov.vitamio.widget.OutlineTextView)
io.vov.vitamio.widget.MediaController: void setAnimationStyle(int)
io.vov.vitamio.widget.MediaController: void setOnShownListener(io.vov.vitamio.widget.MediaController$OnShownListener)
io.vov.vitamio.widget.MediaController: void setOnHiddenListener(io.vov.vitamio.widget.MediaController$OnHiddenListener)
io.vov.vitamio.widget.MediaController: void setEnabled(boolean)
io.vov.vitamio.widget.MediaController: void setProgressEnabled(boolean)
io.vov.vitamio.widget.OutlineTextView: void setText(java.lang.String)
io.vov.vitamio.widget.OutlineTextView: void setTextSize(float)
io.vov.vitamio.widget.OutlineTextView: void setTextColor(int)
io.vov.vitamio.widget.OutlineTextView: void setTypeface(android.graphics.Typeface)