vitamio/build/outputs/mapping/release/mapping.txt
io.vov.vitamio.MediaFile$MediaFileType -> io.vov.vitamio.b:
    int fileType -> a
    java.lang.String mimeType -> b
io.vov.vitamio.MediaFormat -> io.vov.vitamio.c:
    java.util.Map mMap -> a
    java.lang.String getString(java.lang.String) -> a
    void setString(java.lang.String,java.lang.String) -> a
    io.vov.vitamio.MediaFormat createSubtitleFormat(java.lang.String,java.lang.String) -> b
    java.lang.String toString() -> toString
io.vov.vitamio.MediaMetadataRetriever -> io.vov.vitamio.MediaMetadataRetriever:
    android.content.res.AssetFileDescriptor mFD -> mFD
    int mNativeContext -> mNativeContext
    java.lang.String METADATA_KEY_ALBUM -> METADATA_KEY_ALBUM
    java.lang.String METADATA_KEY_ALBUM_ARTIST -> METADATA_KEY_ALBUM_ARTIST
    java.lang.String METADATA_KEY_ARTIST -> METADATA_KEY_ARTIST
    java.lang.String METADATA_KEY_COMMENT -> METADATA_KEY_COMMENT
    java.lang.String METADATA_KEY_AUTHOR -> METADATA_KEY_AUTHOR
    java.lang.String METADATA_KEY_COMPOSER -> METADATA_KEY_COMPOSER
    java.lang.String METADATA_KEY_COPYRIGHT -> METADATA_KEY_COPYRIGHT
    java.lang.String METADATA_KEY_CREATION_TIME -> METADATA_KEY_CREATION_TIME
    java.lang.String METADATA_KEY_DATE -> METADATA_KEY_DATE
    java.lang.String METADATA_KEY_DISC -> METADATA_KEY_DISC
    java.lang.String METADATA_KEY_ENCODER -> METADATA_KEY_ENCODER
    java.lang.String METADATA_KEY_ENCODED_BY -> METADATA_KEY_ENCODED_BY
    java.lang.String METADATA_KEY_FILENAME -> METADATA_KEY_FILENAME
    java.lang.String METADATA_KEY_GENRE -> METADATA_KEY_GENRE
    java.lang.String METADATA_KEY_LANGUAGE -> METADATA_KEY_LANGUAGE
    java.lang.String METADATA_KEY_PERFORMER -> METADATA_KEY_PERFORMER
    java.lang.String METADATA_KEY_PUBLISHER -> METADATA_KEY_PUBLISHER
    java.lang.String METADATA_KEY_SERVICE_NAME -> METADATA_KEY_SERVICE_NAME
    java.lang.String METADATA_KEY_SERVICE_PROVIDER -> METADATA_KEY_SERVICE_PROVIDER
io.vov.vitamio.MediaPlayer -> io.vov.vitamio.MediaPlayer:
    int CACHE_TYPE_NOT_AVAILABLE -> CACHE_TYPE_NOT_AVAILABLE
    int CACHE_TYPE_START -> CACHE_TYPE_START
    int CACHE_TYPE_UPDATE -> CACHE_TYPE_UPDATE
    int CACHE_TYPE_SPEED -> CACHE_TYPE_SPEED
    int CACHE_TYPE_COMPLETE -> CACHE_TYPE_COMPLETE
    int CACHE_INFO_NO_SPACE -> CACHE_INFO_NO_SPACE
    int CACHE_INFO_STREAM_NOT_SUPPORT -> CACHE_INFO_STREAM_NOT_SUPPORT
    int MEDIA_ERROR_UNKNOWN -> MEDIA_ERROR_UNKNOWN
    int MEDIA_ERROR_NOT_VALID_FOR_PROGRESSIVE_PLAYBACK -> MEDIA_ERROR_NOT_VALID_FOR_PROGRESSIVE_PLAYBACK
    int MEDIA_ERROR_IO -> MEDIA_ERROR_IO
    int MEDIA_ERROR_MALFORMED -> MEDIA_ERROR_MALFORMED
    int MEDIA_ERROR_UNSUPPORTED -> MEDIA_ERROR_UNSUPPORTED
    int MEDIA_ERROR_TIMED_OUT -> MEDIA_ERROR_TIMED_OUT
    int MEDIA_INFO_VIDEO_TRACK_LAGGING -> MEDIA_INFO_VIDEO_TRACK_LAGGING
    int MEDIA_INFO_BUFFERING_START -> MEDIA_INFO_BUFFERING_START
    int MEDIA_INFO_BUFFERING_END -> MEDIA_INFO_BUFFERING_END
    int MEDIA_INFO_NOT_SEEKABLE -> MEDIA_INFO_NOT_SEEKABLE
    int MEDIA_INFO_DOWNLOAD_RATE_CHANGED -> MEDIA_INFO_DOWNLOAD_RATE_CHANGED
    int VIDEOQUALITY_LOW -> VIDEOQUALITY_LOW
    int VIDEOQUALITY_MEDIUM -> VIDEOQUALITY_MEDIUM
    int VIDEOQUALITY_HIGH -> VIDEOQUALITY_HIGH
    int VIDEOCHROMA_RGB565 -> VIDEOCHROMA_RGB565
    int VIDEOCHROMA_RGBA -> VIDEOCHROMA_RGBA
    int SUBTITLE_INTERNAL -> SUBTITLE_INTERNAL
    int SUBTITLE_EXTERNAL -> SUBTITLE_EXTERNAL
io.vov.vitamio.MediaPlayer$EventHandler -> io.vov.vitamio.d:
    io.vov.vitamio.MediaPlayer mMediaPlayer -> b
    android.os.Bundle mData -> c
    io.vov.vitamio.MediaPlayer this$0 -> a
    void handleMessage(android.os.Message) -> handleMessage
io.vov.vitamio.MediaPlayer$OnBufferingUpdateListener -> io.vov.vitamio.e:
    void onBufferingUpdate(io.vov.vitamio.MediaPlayer,int) -> a