vitamio/build/outputs/mapping/release/usage.txt
io.vov.vitamio.EGL$1
io.vov.vitamio.EGL$ComponentSizeChooser
io.vov.vitamio.EGL$EGLConfigChooser
io.vov.vitamio.EGL$EGLContextFactory
io.vov.vitamio.EGL$EGLWindowSurfaceFactory
io.vov.vitamio.EGL$SimpleEGLConfigChooser
io.vov.vitamio.LibsChecker
io.vov.vitamio.MediaFile:
    public static final int FILE_TYPE_MP3
    public static final int FILE_TYPE_M4A
    public static final int FILE_TYPE_WAV
    public static final int FILE_TYPE_AMR
    public static final int FILE_TYPE_AWB
    public static final int FILE_TYPE_WMA
    public static final int FILE_TYPE_OGG
    public static final int FILE_TYPE_AAC
    public static final int FILE_TYPE_MKA
    public static final int FILE_TYPE_MID
    public static final int FILE_TYPE_SMF
    public static final int FILE_TYPE_IMY
    public static final int FILE_TYPE_APE
    public static final int FILE_TYPE_FLAC
    private static final int FIRST_AUDIO_FILE_TYPE
    private static final int LAST_AUDIO_FILE_TYPE
    public static final int FILE_TYPE_MP4
    public static final int FILE_TYPE_M4V
    public static final int FILE_TYPE_3GPP
    public static final int FILE_TYPE_3GPP2
    public static final int FILE_TYPE_WMV
    public static final int FILE_TYPE_ASF
    public static final int FILE_TYPE_MKV
    public static final int FILE_TYPE_MP2TS
    public static final int FILE_TYPE_FLV
    public static final int FILE_TYPE_MOV
    public static final int FILE_TYPE_RM
    public static final int FILE_TYPE_DVD
    public static final int FILE_TYPE_DIVX
    public static final int FILE_TYPE_OGV
    public static final int FILE_TYPE_VIVO
    public static final int FILE_TYPE_WTV
    public static final int FILE_TYPE_AVS
    public static final int FILE_TYPE_SWF
io.vov.vitamio.MediaFormat:
    public static final java.lang.String KEY_MIME
    public static final java.lang.String KEY_LANGUAGE
    public static final java.lang.String KEY_TITLE
    public static final java.lang.String KEY_PATH
    public static final java.lang.String KEY_SAMPLE_RATE
    public static final java.lang.String KEY_CHANNEL_COUNT
    public static final java.lang.String KEY_WIDTH
    public static final java.lang.String KEY_HEIGHT
    public static final java.lang.String KEY_MAX_WIDTH
    public static final java.lang.String KEY_MAX_HEIGHT
    public static final java.lang.String KEY_MAX_INPUT_SIZE
    public static final java.lang.String KEY_BIT_RATE
    public static final java.lang.String KEY_COLOR_FORMAT
    public static final java.lang.String KEY_FRAME_RATE
    public static final java.lang.String KEY_I_FRAME_INTERVAL
    public static final java.lang.String KEY_STRIDE
    public static final java.lang.String KEY_SLICE_HEIGHT
    public static final java.lang.String KEY_REPEAT_PREVIOUS_FRAME_AFTER
    public static final java.lang.String KEY_PUSH_BLANK_BUFFERS_ON_STOP
    public static final java.lang.String KEY_DURATION
    public static final java.lang.String KEY_IS_ADTS
    public static final java.lang.String KEY_CHANNEL_MASK
    public static final java.lang.String KEY_AAC_PROFILE
    public static final java.lang.String KEY_FLAC_COMPRESSION_LEVEL
    public static final java.lang.String KEY_IS_AUTOSELECT
io.vov.vitamio.MediaPlayer$TrackInfo:
    public static final int MEDIA_TRACK_TYPE_UNKNOWN
    public static final int MEDIA_TRACK_TYPE_VIDEO
    public static final int MEDIA_TRACK_TYPE_AUDIO
    public static final int MEDIA_TRACK_TYPE_TIMEDTEXT
    public static final int MEDIA_TRACK_TYPE_SUBTITLE